<?xml version="1.0" encoding="UTF-8"?>
<!-- Generated by org.testng.reporters.JUnitReportReporter -->
<testsuite hostname="AVE-LAP-224" failures="0" tests="1" name="tests.UserRegisterationTest_Json" time="4.363" errors="0" timestamp="2021-04-09T03:13:45 EET" skipped="0">
  <testcase classname="tests.UserRegisterationTest_Json" name="userCanRegisterSuccessfully" time="4.363"/>
  <system-out/>
</testsuite> <!-- tests.UserRegisterationTest_Json -->
