<?xml version="1.0" encoding="UTF-8"?>
<!-- Generated by org.testng.reporters.JUnitReportReporter -->
<testsuite hostname="HusseinGadalla" failures="0" tests="1" name="tests.UserLoginTest" time="5.026" errors="0" timestamp="2021-04-24T16:06:18 EET" skipped="0">
  <testcase classname="tests.UserLoginTest" name="verify_user_canlogin_valid_credentials" time="5.026"/>
  <system-out/>
</testsuite> <!-- tests.UserLoginTest -->
