<?xml version="1.0" encoding="UTF-8"?>
<!-- Generated by org.testng.reporters.JUnitReportReporter -->
<testsuite hostname="HusseinGadalla" failures="0" tests="1" name="tests.UserRegisterationTest" time="10.365" errors="0" timestamp="2021-04-24T16:06:18 EET" skipped="0">
  <testcase classname="tests.UserRegisterationTest" name="verify_user_Can_Register_Successfully" time="10.365"/>
  <system-out/>
</testsuite> <!-- tests.UserRegisterationTest -->
